2016-09-13 14:38:42,878 - lct - INFO - **** put request: hue:30 saturation:0 brightness:0 kelvin:5500, off, 7897.24s
2016-09-13 14:38:44,062 - lct - INFO - <Response [207]>
2016-09-13 14:38:44,062 - lct - INFO - WAITING 7898.24s TO NEXT TRANSITION
2016-09-14 09:11:12,775 - lct.lut - DEBUG - secs to next state:        2922.24
2016-09-14 09:11:12,776 - lct - INFO - transitioning to:          mid-morn
2016-09-14 09:11:12,776 - lct - INFO - over:                      2922.24
2016-09-14 09:11:14,183 - lct - INFO - **** put request: hue:30 saturation:0 brightness:0 kelvin:4000, off, 2922.24s
2016-09-14 09:11:15,305 - lct - INFO - <Response [207]>
2016-09-14 09:11:15,305 - lct - INFO - WAITING 2923.24s TO NEXT TRANSITION
2016-09-14 09:59:58,550 - lct.lut - DEBUG - secs to next state:        10659.0
2016-09-14 09:59:58,551 - lct - INFO - transitioning to:          noon
2016-09-14 09:59:58,551 - lct - INFO - over:                      10659.0
2016-09-14 09:59:59,459 - lct - INFO - **** put request: hue:30 saturation:0 brightness:0 kelvin:5500, off, 10659.0s
2016-09-14 10:00:00,602 - lct - INFO - <Response [207]>
2016-09-14 10:00:00,602 - lct - INFO - WAITING 10660.0s TO NEXT TRANSITION
2016-09-14 12:57:40,628 - lct.lut - DEBUG - secs to next state:        13958.24
2016-09-14 12:57:40,633 - lct - INFO - transitioning to:          mid-day-end
2016-09-14 12:57:40,633 - lct - INFO - over:                      13958.24
2016-09-14 12:57:41,549 - lct - INFO - **** put request: hue:30 saturation:0 brightness:0 kelvin:5500, off, 13958.24s
2016-09-14 12:57:42,223 - lct - INFO - <Response [207]>
2016-09-14 12:57:42,223 - lct - INFO - WAITING 13959.24s TO NEXT TRANSITION
2016-09-28 08:08:00,071 - lct - INFO - <<<<<<<<<<<<<<<<<< SYSTEM RESTART >>>>>>>>>>>>>>>>>>>>>
2016-09-28 08:08:01,221 - lct - INFO - TESTING.......
2016-09-28 08:08:01,221 - lct - INFO - -----------------
2016-09-28 08:08:01,221 - lct - INFO - -------- LIGHT NUM: 0 ---------
2016-09-28 08:08:01,222 - lct - INFO - -------- NAME: KITCHEN --------
2016-09-28 08:08:01,222 - lct - INFO - -------- COLOR: {u'hue': 35.997253376058595, u'saturation': 0.0, u'kelvin': 2700} ---------
2016-09-28 08:08:01,222 - lct - INFO - -------- BRIGHT: 0.499992370489 ---------
2016-09-28 08:08:01,222 - lct - INFO - -------- POWER:  on ---------
2016-09-28 08:08:01,222 - lct - INFO - ///////////
2016-09-28 08:08:01,222 - lct - INFO - -------- LIGHT NUM: 1 ---------
2016-09-28 08:08:01,222 - lct - INFO - -------- NAME: ENTRY --------
2016-09-28 08:08:01,223 - lct - INFO - -------- COLOR: {u'hue': 35.997253376058595, u'saturation': 0.0, u'kelvin': 2700} ---------
2016-09-28 08:08:01,223 - lct - INFO - -------- BRIGHT: 0.499992370489 ---------
2016-09-28 08:08:01,223 - lct - INFO - -------- POWER:  on ---------
2016-09-28 08:08:01,223 - lct - INFO - ///////////
2016-09-28 08:08:01,223 - lct - INFO - -------- LIGHT NUM: 2 ---------
2016-09-28 08:08:01,223 - lct - INFO - -------- NAME: DOG BOWL --------
2016-09-28 08:08:01,223 - lct - INFO - -------- COLOR: {u'hue': 35.997253376058595, u'saturation': 0.0, u'kelvin': 8000} ---------
2016-09-28 08:08:01,224 - lct - INFO - -------- BRIGHT: 0.749996185245 ---------
2016-09-28 08:08:01,224 - lct - INFO - -------- POWER:  on ---------
2016-09-28 08:08:01,224 - lct - INFO - ///////////
2016-09-28 08:08:01,224 - lct - INFO - -------- LIGHT NUM: 3 ---------
2016-09-28 08:08:01,224 - lct - INFO - -------- NAME: DINING TABLE --------
2016-09-28 08:08:01,224 - lct - INFO - -------- COLOR: {u'hue': 35.997253376058595, u'saturation': 0.0, u'kelvin': 2700} ---------
2016-09-28 08:08:01,224 - lct - INFO - -------- BRIGHT: 0.499992370489 ---------
2016-09-28 08:08:01,224 - lct - INFO - -------- POWER:  on ---------
2016-09-28 08:08:01,225 - lct - INFO - ///////////
2016-09-28 08:08:02,285 - lct - DEBUG - on
2016-09-28 08:08:02,285 - lct.lut - INFO - refreshing solar
2016-09-28 08:08:02,286 - lct.lut - INFO - EXTENDED SUNLIGHT MODE
2016-09-28 08:08:02,286 - lct.lut - DEBUG - next_rising:  2015-06-21 05:24:55.000006
2016-09-28 08:08:02,287 - lct.lut - DEBUG - next_noon: 2015-06-21 12:57:37.000006
2016-09-28 08:08:02,289 - lct.lut - DEBUG - next_setting: 2015-06-20 20:30:05.000005
2016-09-28 08:08:02,291 - lct - INFO - notifying controller of power state switch on
2016-09-28 08:08:02,291 - lct.lut - INFO - currently in state:        sunrise-end
2016-09-28 08:08:02,291 - lct.lut - INFO - current state start time:  0.225636574074
2016-09-28 08:08:02,292 - lct.lut - INFO - cur_time:                  0.338912037037
2016-09-28 08:08:02,292 - lct.lut - INFO - next state:                mid-morn
2016-09-28 08:08:02,292 - lct.lut - INFO - next state start time:     0.4166
2016-09-28 08:08:02,292 - lct.lut - DEBUG - abs time in to this state: 0.113275462963
2016-09-28 08:08:02,292 - lct.lut - DEBUG - frac in:                   0.593178837328
2016-09-28 08:08:02,292 - lct.lut - DEBUG - cur_hue:                   30.0
2016-09-28 08:08:02,292 - lct.lut - DEBUG - cur_sat:                   0.244092697603
2016-09-28 08:08:02,292 - lct.lut - DEBUG - cur_bright:                0.759317883733
2016-09-28 08:08:02,292 - lct.lut - DEBUG - cur_kelvin:                3715
2016-09-28 08:08:02,292 - lct - INFO - **** put request: kelvin:3715 hue:30.0 saturation:0.244092697603 brightness:0.759317883733, on, 1.0s
2016-09-28 08:08:03,393 - lct - INFO - <Response [207]>
2016-09-28 08:08:03,394 - lct.lut - INFO - currently in state:        sunrise-end
2016-09-28 08:08:03,394 - lct.lut - INFO - current state start time:  0.225636574074
2016-09-28 08:08:03,394 - lct.lut - INFO - cur_time:                  0.338923611111
2016-09-28 08:08:03,394 - lct.lut - INFO - next state:                mid-morn
2016-09-28 08:08:03,394 - lct.lut - INFO - next state start time:     0.4166
2016-09-28 08:08:03,394 - lct.lut - DEBUG - abs time in to this state: 0.113287037037
2016-09-28 08:08:03,394 - lct.lut - DEBUG - frac in:                   0.593239446181
2016-09-28 08:08:03,395 - lct.lut - DEBUG - cur_hue:                   30.0
2016-09-28 08:08:03,395 - lct.lut - DEBUG - cur_sat:                   0.244056332292
2016-09-28 08:08:03,395 - lct.lut - DEBUG - cur_bright:                0.759323944618
2016-09-28 08:08:03,395 - lct.lut - DEBUG - cur_kelvin:                3715
2016-09-28 08:08:03,395 - lct.lut - DEBUG - secs to next state:        6711.24
2016-09-28 08:08:03,396 - lct - INFO - *** Server Started at 192.168.1.9 ***
2016-09-28 08:08:03,397 - lct - INFO - *** Server listening on port 8888 ****
2016-09-28 08:08:04,397 - lct.lut - DEBUG - secs to next state:        6710.24
2016-09-28 08:08:04,397 - lct - INFO - transitioning to:          mid-morn
2016-09-28 08:08:04,397 - lct - INFO - over:                      6710.24
2016-09-28 08:08:05,144 - lct - INFO - **** put request: hue:30 saturation:0 brightness:0.8 kelvin:4000, on, 6710.24s
2016-09-28 08:08:06,130 - lct - INFO - <Response [207]>
2016-09-28 08:08:06,130 - lct - INFO - WAITING 6711.24s TO NEXT TRANSITION
2016-09-28 08:08:14,575 - lct - INFO - <<<<<<<<<<<<<<<<<< SYSTEM RESTART >>>>>>>>>>>>>>>>>>>>>
2016-09-28 08:08:15,074 - lct - INFO - TESTING.......
2016-09-28 08:08:15,074 - lct - INFO - -----------------
2016-09-28 08:08:15,075 - lct - INFO - -------- LIGHT NUM: 0 ---------
2016-09-28 08:08:15,075 - lct - INFO - -------- NAME: KITCHEN --------
2016-09-28 08:08:15,075 - lct - INFO - -------- COLOR: {u'hue': 29.998626688029297, u'saturation': 0.24374761577782864, u'kelvin': 3715} ---------
2016-09-28 08:08:15,075 - lct - INFO - -------- BRIGHT: 0.759349965667 ---------
2016-09-28 08:08:15,075 - lct - INFO - -------- POWER:  on ---------
2016-09-28 08:08:15,075 - lct - INFO - ///////////
2016-09-28 08:08:15,075 - lct - INFO - -------- LIGHT NUM: 1 ---------
2016-09-28 08:08:15,075 - lct - INFO - -------- NAME: ENTRY --------
2016-09-28 08:08:15,076 - lct - INFO - -------- COLOR: {u'hue': 29.998626688029297, u'saturation': 0.24374761577782864, u'kelvin': 3715} ---------
2016-09-28 08:08:15,076 - lct - INFO - -------- BRIGHT: 0.759349965667 ---------
2016-09-28 08:08:15,076 - lct - INFO - -------- POWER:  on ---------
2016-09-28 08:08:15,076 - lct - INFO - ///////////
2016-09-28 08:08:15,076 - lct - INFO - -------- LIGHT NUM: 2 ---------
2016-09-28 08:08:15,076 - lct - INFO - -------- NAME: DOG BOWL --------
2016-09-28 08:08:15,076 - lct - INFO - -------- COLOR: {u'hue': 35.997253376058595, u'saturation': 0.0, u'kelvin': 8000} ---------
2016-09-28 08:08:15,076 - lct - INFO - -------- BRIGHT: 0.749996185245 ---------
2016-09-28 08:08:15,077 - lct - INFO - -------- POWER:  on ---------
2016-09-28 08:08:15,077 - lct - INFO - ///////////
2016-09-28 08:08:15,077 - lct - INFO - -------- LIGHT NUM: 3 ---------
2016-09-28 08:08:15,077 - lct - INFO - -------- NAME: DINING TABLE --------
2016-09-28 08:08:15,077 - lct - INFO - -------- COLOR: {u'hue': 29.998626688029297, u'saturation': 0.24374761577782864, u'kelvin': 3715} ---------
2016-09-28 08:08:15,077 - lct - INFO - -------- BRIGHT: 0.759349965667 ---------
2016-09-28 08:08:15,077 - lct - INFO - -------- POWER:  on ---------
2016-09-28 08:08:15,078 - lct - INFO - ///////////
2016-09-28 08:08:15,501 - lct - DEBUG - on
2016-09-28 08:08:15,501 - lct.lut - INFO - refreshing solar
2016-09-28 08:08:15,501 - lct.lut - INFO - EXTENDED SUNLIGHT MODE
2016-09-28 08:08:15,502 - lct.lut - DEBUG - next_rising:  2015-06-21 05:24:55.000006
2016-09-28 08:08:15,502 - lct.lut - DEBUG - next_noon: 2015-06-21 12:57:37.000006
2016-09-28 08:08:15,502 - lct.lut - DEBUG - next_setting: 2015-06-20 20:30:05.000005
2016-09-28 08:08:15,503 - lct - INFO - notifying controller of power state switch on
2016-09-28 08:08:15,503 - lct.lut - INFO - currently in state:        sunrise-end
2016-09-28 08:08:15,503 - lct.lut - INFO - current state start time:  0.225636574074
2016-09-28 08:08:15,504 - lct.lut - INFO - cur_time:                  0.3390625
2016-09-28 08:08:15,504 - lct.lut - INFO - next state:                mid-morn
2016-09-28 08:08:15,504 - lct.lut - INFO - next state start time:     0.4166
2016-09-28 08:08:15,504 - lct.lut - DEBUG - abs time in to this state: 0.113425925926
2016-09-28 08:08:15,504 - lct.lut - DEBUG - frac in:                   0.593966752408
2016-09-28 08:08:15,504 - lct.lut - DEBUG - cur_hue:                   30.0
2016-09-28 08:08:15,504 - lct.lut - DEBUG - cur_sat:                   0.243619948555
2016-09-28 08:08:15,504 - lct.lut - DEBUG - cur_bright:                0.759396675241
2016-09-28 08:08:15,504 - lct.lut - DEBUG - cur_kelvin:                3715
2016-09-28 08:08:15,504 - lct - INFO - **** put request: kelvin:3715 hue:30.0 saturation:0.243619948555 brightness:0.759396675241, on, 1.0s
2016-09-28 08:08:16,354 - lct - INFO - <Response [207]>
2016-09-28 08:08:16,354 - lct.lut - INFO - currently in state:        sunrise-end
2016-09-28 08:08:16,354 - lct.lut - INFO - current state start time:  0.225636574074
2016-09-28 08:08:16,355 - lct.lut - INFO - cur_time:                  0.339074074074
2016-09-28 08:08:16,355 - lct.lut - INFO - next state:                mid-morn
2016-09-28 08:08:16,355 - lct.lut - INFO - next state start time:     0.4166
2016-09-28 08:08:16,355 - lct.lut - DEBUG - abs time in to this state: 0.1134375
2016-09-28 08:08:16,355 - lct.lut - DEBUG - frac in:                   0.59402736126
2016-09-28 08:08:16,355 - lct.lut - DEBUG - cur_hue:                   30.0
2016-09-28 08:08:16,355 - lct.lut - DEBUG - cur_sat:                   0.243583583244
2016-09-28 08:08:16,355 - lct.lut - DEBUG - cur_bright:                0.759402736126
2016-09-28 08:08:16,355 - lct.lut - DEBUG - cur_kelvin:                3715
2016-09-28 08:08:16,355 - lct.lut - DEBUG - secs to next state:        6698.24
2016-09-28 08:08:16,357 - lct - INFO - *** Server Started at 192.168.1.9 ***
2016-09-28 08:08:16,357 - lct - INFO - *** Server listening on port 8888 ****
2016-09-28 08:08:17,357 - lct.lut - DEBUG - secs to next state:        6697.24
2016-09-28 08:08:17,357 - lct - INFO - transitioning to:          mid-morn
2016-09-28 08:08:17,357 - lct - INFO - over:                      6697.24
2016-09-28 08:08:17,883 - lct - INFO - **** put request: hue:30 saturation:0 brightness:0.8 kelvin:4000, on, 6697.24s
2016-09-28 08:08:18,746 - lct - INFO - <Response [207]>
2016-09-28 08:08:18,747 - lct - INFO - WAITING 6698.24s TO NEXT TRANSITION
2016-09-28 08:09:10,554 - lct - INFO - <<<<<<<<<<<<<<<<<< SYSTEM RESTART >>>>>>>>>>>>>>>>>>>>>
2016-09-28 08:09:11,014 - lct - INFO - TESTING.......
2016-09-28 08:09:11,014 - lct - INFO - -----------------
2016-09-28 08:09:11,014 - lct - INFO - -------- LIGHT NUM: 0 ---------
2016-09-28 08:09:11,014 - lct - INFO - -------- NAME: KITCHEN --------
2016-09-28 08:09:11,014 - lct - INFO - -------- COLOR: {u'hue': 29.998626688029297, u'saturation': 0.24170290684367132, u'kelvin': 3717} ---------
2016-09-28 08:09:11,014 - lct - INFO - -------- BRIGHT: 0.759700923171 ---------
2016-09-28 08:09:11,015 - lct - INFO - -------- POWER:  on ---------
2016-09-28 08:09:11,015 - lct - INFO - ///////////
2016-09-28 08:09:11,015 - lct - INFO - -------- LIGHT NUM: 1 ---------
2016-09-28 08:09:11,015 - lct - INFO - -------- NAME: ENTRY --------
2016-09-28 08:09:11,015 - lct - INFO - -------- COLOR: {u'hue': 29.998626688029297, u'saturation': 0.24170290684367132, u'kelvin': 3717} ---------
2016-09-28 08:09:11,015 - lct - INFO - -------- BRIGHT: 0.759700923171 ---------
2016-09-28 08:09:11,015 - lct - INFO - -------- POWER:  on ---------
2016-09-28 08:09:11,015 - lct - INFO - ///////////
2016-09-28 08:09:11,015 - lct - INFO - -------- LIGHT NUM: 2 ---------
2016-09-28 08:09:11,015 - lct - INFO - -------- NAME: DOG BOWL --------
2016-09-28 08:09:11,016 - lct - INFO - -------- COLOR: {u'hue': 35.997253376058595, u'saturation': 0.0, u'kelvin': 8000} ---------
2016-09-28 08:09:11,016 - lct - INFO - -------- BRIGHT: 0.749996185245 ---------
2016-09-28 08:09:11,016 - lct - INFO - -------- POWER:  on ---------
2016-09-28 08:09:11,016 - lct - INFO - ///////////
2016-09-28 08:09:11,016 - lct - INFO - -------- LIGHT NUM: 3 ---------
2016-09-28 08:09:11,016 - lct - INFO - -------- NAME: DINING TABLE --------
2016-09-28 08:09:11,016 - lct - INFO - -------- COLOR: {u'hue': 29.998626688029297, u'saturation': 0.24170290684367132, u'kelvin': 3717} ---------
2016-09-28 08:09:11,016 - lct - INFO - -------- BRIGHT: 0.759700923171 ---------
2016-09-28 08:09:11,016 - lct - INFO - -------- POWER:  on ---------
2016-09-28 08:09:11,016 - lct - INFO - ///////////
2016-09-28 08:09:11,497 - lct - DEBUG - on
2016-09-28 08:09:11,498 - lct.lut - INFO - refreshing solar
2016-09-28 08:09:11,498 - lct.lut - INFO - EXTENDED SUNLIGHT MODE
2016-09-28 08:09:11,498 - lct.lut - DEBUG - next_rising:  2015-06-21 05:24:55.000006
2016-09-28 08:09:11,498 - lct.lut - DEBUG - next_noon: 2015-06-21 12:57:37.000006
2016-09-28 08:09:11,499 - lct.lut - DEBUG - next_setting: 2015-06-20 20:30:05.000005
2016-09-28 08:09:11,499 - lct - INFO - notifying controller of power state switch on
2016-09-28 08:09:11,499 - lct.lut - INFO - currently in state:        sunrise-end
2016-09-28 08:09:11,499 - lct.lut - INFO - current state start time:  0.225636574074
2016-09-28 08:09:11,500 - lct.lut - INFO - cur_time:                  0.339710648148
2016-09-28 08:09:11,500 - lct.lut - INFO - next state:                mid-morn
2016-09-28 08:09:11,500 - lct.lut - INFO - next state start time:     0.4166
2016-09-28 08:09:11,500 - lct.lut - DEBUG - abs time in to this state: 0.114074074074
2016-09-28 08:09:11,500 - lct.lut - DEBUG - frac in:                   0.597360848136
2016-09-28 08:09:11,500 - lct.lut - DEBUG - cur_hue:                   30.0
2016-09-28 08:09:11,500 - lct.lut - DEBUG - cur_sat:                   0.241583491118
2016-09-28 08:09:11,500 - lct.lut - DEBUG - cur_bright:                0.759736084814
2016-09-28 08:09:11,500 - lct.lut - DEBUG - cur_kelvin:                3718
2016-09-28 08:09:11,500 - lct - INFO - **** put request: kelvin:3718 hue:30.0 saturation:0.241583491118 brightness:0.759736084814, on, 1.0s
2016-09-28 08:09:12,407 - lct - INFO - <Response [207]>
2016-09-28 08:09:12,407 - lct.lut - INFO - currently in state:        sunrise-end
2016-09-28 08:09:12,407 - lct.lut - INFO - current state start time:  0.225636574074
2016-09-28 08:09:12,407 - lct.lut - INFO - cur_time:                  0.339722222222
2016-09-28 08:09:12,407 - lct.lut - INFO - next state:                mid-morn
2016-09-28 08:09:12,407 - lct.lut - INFO - next state start time:     0.4166
2016-09-28 08:09:12,407 - lct.lut - DEBUG - abs time in to this state: 0.114085648148
2016-09-28 08:09:12,407 - lct.lut - DEBUG - frac in:                   0.597421456988
2016-09-28 08:09:12,407 - lct.lut - DEBUG - cur_hue:                   30.0
2016-09-28 08:09:12,408 - lct.lut - DEBUG - cur_sat:                   0.241547125807
2016-09-28 08:09:12,408 - lct.lut - DEBUG - cur_bright:                0.759742145699
2016-09-28 08:09:12,408 - lct.lut - DEBUG - cur_kelvin:                3718
2016-09-28 08:09:12,408 - lct.lut - DEBUG - secs to next state:        6642.24
2016-09-28 08:09:12,409 - lct - INFO - *** Server Started at 192.168.1.9 ***
2016-09-28 08:09:12,409 - lct - INFO - *** Server listening on port 8888 ****
2016-09-28 08:09:13,411 - lct.lut - DEBUG - secs to next state:        6641.24
2016-09-28 08:09:13,411 - lct - INFO - transitioning to:          mid-morn
2016-09-28 08:09:13,411 - lct - INFO - over:                      6641.24
2016-09-28 08:09:13,992 - lct - INFO - **** put request: hue:30 saturation:0 brightness:0.8 kelvin:4000, on, 6641.24s
2016-09-28 08:09:15,435 - lct - INFO - <Response [207]>
2016-09-28 08:09:15,435 - lct - INFO - WAITING 6642.24s TO NEXT TRANSITION
2016-09-28 10:06:13,493 - lct.lut - DEBUG - secs to next state:        10284.0
2016-09-28 10:06:13,494 - lct - INFO - transitioning to:          noon
2016-09-28 10:06:13,494 - lct - INFO - over:                      10284.0
2016-09-28 10:06:14,423 - lct - INFO - **** put request: hue:30 saturation:0 brightness:1.0 kelvin:5500, on, 10284.0s
2016-09-28 10:06:15,339 - lct - INFO - <Response [207]>
2016-09-28 10:06:15,339 - lct - INFO - WAITING 10285.0s TO NEXT TRANSITION
2016-09-28 12:57:40,347 - lct.lut - DEBUG - secs to next state:        13958.24
2016-09-28 12:57:40,349 - lct - INFO - transitioning to:          mid-day-end
2016-09-28 12:57:40,349 - lct - INFO - over:                      13958.24
2016-09-28 12:57:41,370 - lct - INFO - **** put request: hue:30 saturation:0 brightness:1.0 kelvin:5500, on, 13958.24s
2016-09-28 12:57:42,189 - lct - INFO - <Response [207]>
2016-09-28 12:57:42,190 - lct - INFO - WAITING 13959.24s TO NEXT TRANSITION
2016-09-28 16:50:21,436 - lct.lut - DEBUG - secs to next state:        13184.0
2016-09-28 16:50:21,439 - lct - INFO - transitioning to:          sunset
2016-09-28 16:50:21,439 - lct - INFO - over:                      13184.0
2016-09-28 16:50:22,483 - lct - INFO - **** put request: kelvin:5500 hue:50 saturation:1.0 brightness:0.55, on, 13184.0s
2016-09-28 16:50:23,350 - lct - INFO - <Response [207]>
2016-09-28 16:50:23,351 - lct - INFO - WAITING 13185.0s TO NEXT TRANSITION
2016-09-29 09:38:48,879 - lct.lut - DEBUG - secs to next state:        1266.24
2016-09-29 09:38:48,879 - lct - INFO - transitioning to:          mid-morn
2016-09-29 09:38:48,880 - lct - INFO - over:                      1266.24
2016-09-29 09:38:49,878 - lct - INFO - **** put request: hue:30 saturation:0 brightness:0.8 kelvin:4000, on, 1266.24s
2016-09-29 09:38:50,734 - lct - INFO - <Response [207]>
2016-09-29 09:38:50,734 - lct - INFO - WAITING 1267.24s TO NEXT TRANSITION
2016-09-29 09:59:57,978 - lct.lut - DEBUG - secs to next state:        10660.0
2016-09-29 09:59:57,978 - lct - INFO - transitioning to:          noon
2016-09-29 09:59:57,978 - lct - INFO - over:                      10660.0
2016-09-29 09:59:59,118 - lct - INFO - **** put request: hue:30 saturation:0 brightness:1.0 kelvin:5500, on, 10660.0s
2016-09-29 10:00:00,044 - lct - INFO - <Response [207]>
2016-09-29 10:00:00,045 - lct - INFO - WAITING 10661.0s TO NEXT TRANSITION
2016-09-29 12:57:41,051 - lct.lut - DEBUG - secs to next state:        13957.24
2016-09-29 12:57:41,052 - lct - INFO - transitioning to:          mid-day-end
2016-09-29 12:57:41,053 - lct - INFO - over:                      13957.24
2016-09-29 12:57:42,198 - lct - INFO - **** put request: hue:30 saturation:0 brightness:1.0 kelvin:5500, on, 13957.24s
2016-09-29 12:57:43,032 - lct - INFO - <Response [207]>
2016-09-29 12:57:43,032 - lct - INFO - WAITING 13958.24s TO NEXT TRANSITION
2016-09-29 16:50:21,276 - lct.lut - DEBUG - secs to next state:        13184.0
2016-09-29 16:50:21,278 - lct - INFO - transitioning to:          sunset
2016-09-29 16:50:21,278 - lct - INFO - over:                      13184.0
2016-09-29 16:50:22,393 - lct - INFO - **** put request: kelvin:5500 hue:50 saturation:1.0 brightness:0.55, on, 13184.0s
2016-09-29 16:50:23,331 - lct - INFO - <Response [207]>
2016-09-29 16:50:23,331 - lct - INFO - WAITING 13185.0s TO NEXT TRANSITION
2016-09-29 17:05:50,083 - lct - INFO - <<<<<<<<<<<<<<<<<< SYSTEM RESTART >>>>>>>>>>>>>>>>>>>>>
2016-09-29 17:05:51,044 - lct - INFO - TESTING.......
2016-09-29 17:05:51,045 - lct - INFO - -----------------
2016-09-29 17:05:51,045 - lct - INFO - -------- LIGHT NUM: 0 ---------
2016-09-29 17:05:51,045 - lct - INFO - -------- NAME: KITCHEN --------
2016-09-29 17:05:51,045 - lct - INFO - -------- COLOR: {u'hue': 49.9995422293431, u'saturation': 0.0703593499656672, u'kelvin': 7824} ---------
2016-09-29 17:05:51,045 - lct - INFO - -------- BRIGHT: 0.735912108034 ---------
2016-09-29 17:05:51,046 - lct - INFO - -------- POWER:  on ---------
2016-09-29 17:05:51,046 - lct - INFO - ///////////
2016-09-29 17:05:51,046 - lct - INFO - -------- LIGHT NUM: 1 ---------
2016-09-29 17:05:51,046 - lct - INFO - -------- NAME: ENTRY --------
2016-09-29 17:05:51,046 - lct - INFO - -------- COLOR: {u'hue': 49.9995422293431, u'saturation': 0.0703593499656672, u'kelvin': 7824} ---------
2016-09-29 17:05:51,047 - lct - INFO - -------- BRIGHT: 0.735912108034 ---------
2016-09-29 17:05:51,047 - lct - INFO - -------- POWER:  on ---------
2016-09-29 17:05:51,047 - lct - INFO - ///////////
2016-09-29 17:05:51,047 - lct - INFO - -------- LIGHT NUM: 2 ---------
2016-09-29 17:05:51,047 - lct - INFO - -------- NAME: DOG BOWL --------
2016-09-29 17:05:51,047 - lct - INFO - -------- COLOR: {u'hue': 49.9995422293431, u'saturation': 0.0703593499656672, u'kelvin': 7824} ---------
2016-09-29 17:05:51,048 - lct - INFO - -------- BRIGHT: 0.735912108034 ---------
2016-09-29 17:05:51,048 - lct - INFO - -------- POWER:  on ---------
2016-09-29 17:05:51,048 - lct - INFO - ///////////
2016-09-29 17:05:51,048 - lct - INFO - -------- LIGHT NUM: 3 ---------
2016-09-29 17:05:51,048 - lct - INFO - -------- NAME: DINING TABLE --------
2016-09-29 17:05:51,049 - lct - INFO - -------- COLOR: {u'hue': 49.9995422293431, u'saturation': 0.0703593499656672, u'kelvin': 7824} ---------
2016-09-29 17:05:51,049 - lct - INFO - -------- BRIGHT: 0.735912108034 ---------
2016-09-29 17:05:51,049 - lct - INFO - -------- POWER:  on ---------
2016-09-29 17:05:51,049 - lct - INFO - ///////////
2016-09-29 17:05:51,680 - lct - DEBUG - on
2016-09-29 17:05:51,681 - lct.lut - INFO - refreshing solar
2016-09-29 17:05:51,681 - lct.lut - INFO - EXTENDED SUNLIGHT MODE
2016-09-29 17:05:51,682 - lct.lut - DEBUG - next_rising:  2015-06-21 05:24:55.000006
2016-09-29 17:05:51,682 - lct.lut - DEBUG - next_noon: 2015-06-21 12:57:37.000006
2016-09-29 17:05:51,683 - lct.lut - DEBUG - next_setting: 2015-06-20 20:30:05.000005
2016-09-29 17:05:51,684 - lct - INFO - notifying controller of power state switch on
2016-09-29 17:05:51,685 - lct.lut - INFO - currently in state:        mid-day-end
2016-09-29 17:05:51,685 - lct.lut - INFO - current state start time:  0.7016
2016-09-29 17:05:51,685 - lct.lut - INFO - cur_time:                  0.712395833333
2016-09-29 17:05:51,685 - lct.lut - INFO - next state:                sunset
2016-09-29 17:05:51,685 - lct.lut - INFO - next state start time:     0.854224537037
2016-09-29 17:05:51,686 - lct.lut - DEBUG - abs time in to this state: 0.0107958333333
2016-09-29 17:05:51,686 - lct.lut - DEBUG - frac in:                   0.0707345852962
2016-09-29 17:05:51,686 - lct.lut - DEBUG - cur_hue:                   31.4146917059
2016-09-29 17:05:51,686 - lct.lut - DEBUG - cur_sat:                   0.0707345852962
2016-09-29 17:05:51,686 - lct.lut - DEBUG - cur_bright:                0.968169436617
2016-09-29 17:05:51,686 - lct.lut - DEBUG - cur_kelvin:                5500
2016-09-29 17:05:51,686 - lct - INFO - **** put request: kelvin:5500 hue:31.4146917059 saturation:0.0707345852962 brightness:0.968169436617, on, 1.0s
2016-09-29 17:05:52,508 - lct - INFO - <Response [207]>
2016-09-29 17:05:52,509 - lct.lut - INFO - currently in state:        mid-day-end
2016-09-29 17:05:52,509 - lct.lut - INFO - current state start time:  0.7016
2016-09-29 17:05:52,509 - lct.lut - INFO - cur_time:                  0.712407407407
2016-09-29 17:05:52,509 - lct.lut - INFO - next state:                sunset
2016-09-29 17:05:52,509 - lct.lut - INFO - next state start time:     0.854224537037
2016-09-29 17:05:52,509 - lct.lut - DEBUG - abs time in to this state: 0.0108074074074
2016-09-29 17:05:52,510 - lct.lut - DEBUG - frac in:                   0.0708104189354
2016-09-29 17:05:52,510 - lct.lut - DEBUG - cur_hue:                   31.4162083787
2016-09-29 17:05:52,510 - lct.lut - DEBUG - cur_sat:                   0.0708104189354
2016-09-29 17:05:52,510 - lct.lut - DEBUG - cur_bright:                0.968135311479
2016-09-29 17:05:52,510 - lct.lut - DEBUG - cur_kelvin:                5500
2016-09-29 17:05:52,510 - lct.lut - DEBUG - secs to next state:        12253.0
2016-09-29 17:05:52,512 - lct - INFO - *** Server Started at 192.168.1.9 ***
2016-09-29 17:05:52,513 - lct - INFO - *** Server listening on port 8888 ****
2016-09-29 17:05:53,509 - lct.lut - DEBUG - secs to next state:        12252.0
2016-09-29 17:05:53,509 - lct - INFO - transitioning to:          sunset
2016-09-29 17:05:53,509 - lct - INFO - over:                      12252.0
2016-09-29 17:05:53,981 - lct - INFO - **** put request: kelvin:5500 hue:50 saturation:1.0 brightness:0.55, on, 12252.0s
2016-09-29 17:05:54,757 - lct - INFO - <Response [207]>
2016-09-29 17:05:54,757 - lct - INFO - WAITING 12253.0s TO NEXT TRANSITION
2016-09-29 17:06:01,655 - lct - INFO - <<<<<<<<<<<<<<<<<< SYSTEM RESTART >>>>>>>>>>>>>>>>>>>>>
2016-09-29 17:06:02,292 - lct - INFO - TESTING.......
2016-09-29 17:06:02,292 - lct - INFO - -----------------
2016-09-29 17:06:02,293 - lct - INFO - -------- LIGHT NUM: 0 ---------
2016-09-29 17:06:02,293 - lct - INFO - -------- NAME: KITCHEN --------
2016-09-29 17:06:02,293 - lct - INFO - -------- COLOR: {u'hue': 31.42137788967727, u'saturation': 0.07129015030136568, u'kelvin': 5500} ---------
2016-09-29 17:06:02,293 - lct - INFO - -------- BRIGHT: 0.967895017929 ---------
2016-09-29 17:06:02,293 - lct - INFO - -------- POWER:  on ---------
2016-09-29 17:06:02,294 - lct - INFO - ///////////
2016-09-29 17:06:02,294 - lct - INFO - -------- LIGHT NUM: 1 ---------
2016-09-29 17:06:02,294 - lct - INFO - -------- NAME: ENTRY --------
2016-09-29 17:06:02,294 - lct - INFO - -------- COLOR: {u'hue': 31.42137788967727, u'saturation': 0.07129015030136568, u'kelvin': 5500} ---------
2016-09-29 17:06:02,295 - lct - INFO - -------- BRIGHT: 0.967895017929 ---------
2016-09-29 17:06:02,295 - lct - INFO - -------- POWER:  on ---------
2016-09-29 17:06:02,295 - lct - INFO - ///////////
2016-09-29 17:06:02,295 - lct - INFO - -------- LIGHT NUM: 2 ---------
2016-09-29 17:06:02,295 - lct - INFO - -------- NAME: DOG BOWL --------
2016-09-29 17:06:02,295 - lct - INFO - -------- COLOR: {u'hue': 31.42137788967727, u'saturation': 0.07129015030136568, u'kelvin': 5500} ---------
2016-09-29 17:06:02,296 - lct - INFO - -------- BRIGHT: 0.967895017929 ---------
2016-09-29 17:06:02,296 - lct - INFO - -------- POWER:  on ---------
2016-09-29 17:06:02,296 - lct - INFO - ///////////
2016-09-29 17:06:02,296 - lct - INFO - -------- LIGHT NUM: 3 ---------
2016-09-29 17:06:02,296 - lct - INFO - -------- NAME: DINING TABLE --------
2016-09-29 17:06:02,297 - lct - INFO - -------- COLOR: {u'hue': 31.42137788967727, u'saturation': 0.07129015030136568, u'kelvin': 5500} ---------
2016-09-29 17:06:02,297 - lct - INFO - -------- BRIGHT: 0.967895017929 ---------
2016-09-29 17:06:02,297 - lct - INFO - -------- POWER:  on ---------
2016-09-29 17:06:02,297 - lct - INFO - ///////////
2016-09-29 17:06:02,826 - lct - DEBUG - on
2016-09-29 17:06:02,826 - lct.lut - INFO - refreshing solar
2016-09-29 17:06:02,827 - lct.lut - INFO - EXTENDED SUNLIGHT MODE
2016-09-29 17:06:02,827 - lct.lut - DEBUG - next_rising:  2015-06-21 05:24:55.000006
2016-09-29 17:06:02,828 - lct.lut - DEBUG - next_noon: 2015-06-21 12:57:37.000006
2016-09-29 17:06:02,829 - lct.lut - DEBUG - next_setting: 2015-06-20 20:30:05.000005
2016-09-29 17:06:02,830 - lct - INFO - notifying controller of power state switch on
2016-09-29 17:06:02,830 - lct.lut - INFO - currently in state:        mid-day-end
2016-09-29 17:06:02,830 - lct.lut - INFO - current state start time:  0.7016
2016-09-29 17:06:02,830 - lct.lut - INFO - cur_time:                  0.712523148148
2016-09-29 17:06:02,830 - lct.lut - INFO - next state:                sunset
2016-09-29 17:06:02,831 - lct.lut - INFO - next state start time:     0.854224537037
2016-09-29 17:06:02,831 - lct.lut - DEBUG - abs time in to this state: 0.0109231481481
2016-09-29 17:06:02,831 - lct.lut - DEBUG - frac in:                   0.0715687553273
2016-09-29 17:06:02,831 - lct.lut - DEBUG - cur_hue:                   31.4313751065
2016-09-29 17:06:02,831 - lct.lut - DEBUG - cur_sat:                   0.0715687553273
2016-09-29 17:06:02,831 - lct.lut - DEBUG - cur_bright:                0.967794060103
2016-09-29 17:06:02,831 - lct.lut - DEBUG - cur_kelvin:                5500
2016-09-29 17:06:02,831 - lct - INFO - **** put request: kelvin:5500 hue:31.4313751065 saturation:0.0715687553273 brightness:0.967794060103, on, 1.0s
2016-09-29 17:06:03,750 - lct - INFO - <Response [207]>
2016-09-29 17:06:03,751 - lct.lut - INFO - currently in state:        mid-day-end
2016-09-29 17:06:03,751 - lct.lut - INFO - current state start time:  0.7016
2016-09-29 17:06:03,751 - lct.lut - INFO - cur_time:                  0.712534722222
2016-09-29 17:06:03,752 - lct.lut - INFO - next state:                sunset
2016-09-29 17:06:03,752 - lct.lut - INFO - next state start time:     0.854224537037
2016-09-29 17:06:03,752 - lct.lut - DEBUG - abs time in to this state: 0.0109347222222
2016-09-29 17:06:03,752 - lct.lut - DEBUG - frac in:                   0.0716445889665
2016-09-29 17:06:03,752 - lct.lut - DEBUG - cur_hue:                   31.4328917793
2016-09-29 17:06:03,752 - lct.lut - DEBUG - cur_sat:                   0.0716445889665
2016-09-29 17:06:03,752 - lct.lut - DEBUG - cur_bright:                0.967759934965
2016-09-29 17:06:03,752 - lct.lut - DEBUG - cur_kelvin:                5500
2016-09-29 17:06:03,753 - lct.lut - DEBUG - secs to next state:        12242.0
2016-09-29 17:06:03,754 - lct - INFO - *** Server Started at 192.168.1.9 ***
2016-09-29 17:06:03,755 - lct - INFO - *** Server listening on port 8888 ****
2016-09-29 17:06:04,752 - lct.lut - DEBUG - secs to next state:        12241.0
2016-09-29 17:06:04,752 - lct - INFO - transitioning to:          sunset
2016-09-29 17:06:04,752 - lct - INFO - over:                      12241.0
2016-09-29 17:06:05,138 - lct - INFO - **** put request: kelvin:5500 hue:50 saturation:1.0 brightness:0.55, on, 12241.0s
2016-09-29 17:06:06,073 - lct - INFO - <Response [207]>
2016-09-29 17:06:06,074 - lct - INFO - WAITING 12242.0s TO NEXT TRANSITION
